<?xml version="1.0" encoding="UTF-8"?>
<!-- Generated by org.testng.reporters.JUnitReportReporter -->
<testsuite hostname="LAPTOP-T7PI7EN2" failures="0" tests="1" name="testcases.ForgetPwdTest" time="2.314" errors="0" timestamp="2024-06-22T10:39:06 IST" skipped="0">
  <testcase classname="testcases.ForgetPwdTest" name="forgettest" time="2.314"/>
  <system-out/>
</testsuite> <!-- testcases.ForgetPwdTest -->
