<?xml version="1.0" encoding="UTF-8"?>
<!-- Generated by org.testng.reporters.JUnitReportReporter -->
<testsuite hostname="LAPTOP-T7PI7EN2" failures="0" tests="2" name="testcases.LoginTest" time="0.000" errors="0" timestamp="2024-06-22T10:39:06 IST" skipped="2">
  <testcase classname="testcases.LoginTest" name="useridtest" time="0.000">
    <skipped/>
  </testcase> <!-- useridtest -->
  <system-out/>
  <testcase classname="testcases.LoginTest" name="passwordtest" time="0.000">
    <skipped/>
  </testcase> <!-- passwordtest -->
  <system-out/>
</testsuite> <!-- testcases.LoginTest -->
